Mem2Pie_Android/mem2Pie/build/outputs/logs/manifest-merger-release-report.txt
-- Merging decision tree log ---
manifest
ADDED from src\main\AndroidManifest.xml:17:1-75:12
	package
		ADDED from src\main\AndroidManifest.xml:17:120-148
		INJECTED from src\main\AndroidManifest.xml
		INJECTED from src\main\AndroidManifest.xml
	android:versionName
		ADDED from src\main\AndroidManifest.xml:17:94-119
		INJECTED from src\main\AndroidManifest.xml
		INJECTED from src\main\AndroidManifest.xml
	android:versionCode
		ADDED from src\main\AndroidManifest.xml:17:70-93
		INJECTED from src\main\AndroidManifest.xml
		INJECTED from src\main\AndroidManifest.xml
	xmlns:android
		ADDED from src\main\AndroidManifest.xml:17:11-69
	android:installLocation
		ADDED from src\main\AndroidManifest.xml:17:149-189
application
ADDED from src\main\AndroidManifest.xml:17:190-47:17
MERGED from [Mem2Pie1:unitygvractivity:unspecified] AndroidManifest.xml:5:5-6:19
MERGED from [Mem2Pie1:FriendsLink-1.5.10:unspecified] AndroidManifest.xml:25:5-33:19
MERGED from [Mem2Pie1:osclibrary:unspecified] AndroidManifest.xml:11:5-15:19
MERGED from [com.android.support:appcompat-v7:23.1.1] AndroidManifest.xml:22:5-20
MERGED from [com.android.support:support-v4:23.1.1] AndroidManifest.xml:22:5-20
MERGED from [com.android.volley:volley:1.0.0] AndroidManifest.xml:9:5-20
	android:label
		ADDED from src\main\AndroidManifest.xml:17:283-315
	android:supportsRtl
		ADDED from [Mem2Pie1:osclibrary:unspecified] AndroidManifest.xml:14:9-35
	android:icon
		ADDED from src\main\AndroidManifest.xml:17:249-282
	android:allowBackup
		ADDED from [Mem2Pie1:osclibrary:unspecified] AndroidManifest.xml:12:9-35
	android:banner
		ADDED from src\main\AndroidManifest.xml:17:338-375
	android:isGame
		ADDED from src\main\AndroidManifest.xml:17:316-337
	android:name
		ADDED from src\main\AndroidManifest.xml:17:203-248
activity#com.ssuper.Mem2Pie.UnityPlayerActivity
ADDED from src\main\AndroidManifest.xml:19:5-31:16
	android:screenOrientation
		ADDED from src\main\AndroidManifest.xml:20:9-47
	android:label
		ADDED from src\main\AndroidManifest.xml:19:15-47
	android:launchMode
		ADDED from src\main\AndroidManifest.xml:21:9-40
	android:configChanges
		ADDED from src\main\AndroidManifest.xml:22:9-166
	android:theme
		ADDED from src\main\AndroidManifest.xml:23:9-59
	android:name
		ADDED from src\main\AndroidManifest.xml:19:48-101
intent-filter#android.intent.action.MAIN+android.intent.category.LAUNCHER+android.intent.category.LEANBACK_LAUNCHER+com.google.intent.category.CARDBOARD
ADDED from src\main\AndroidManifest.xml:24:7-29:23
action#android.intent.action.MAIN
ADDED from src\main\AndroidManifest.xml:25:9-61
	android:name
		ADDED from src\main\AndroidManifest.xml:25:17-58
category#android.intent.category.LAUNCHER
ADDED from src\main\AndroidManifest.xml:26:9-69
	android:name
		ADDED from src\main\AndroidManifest.xml:26:19-66
category#com.google.intent.category.CARDBOARD
ADDED from src\main\AndroidManifest.xml:27:9-73
	android:name
		ADDED from src\main\AndroidManifest.xml:27:19-70
category#android.intent.category.LEANBACK_LAUNCHER
ADDED from src\main\AndroidManifest.xml:28:9-78
	android:name
		ADDED from src\main\AndroidManifest.xml:28:19-75
meta-data#unityplayer.UnityActivity
ADDED from src\main\AndroidManifest.xml:30:7-82
	android:value
		ADDED from src\main\AndroidManifest.xml:30:59-79
	android:name
		ADDED from src\main\AndroidManifest.xml:30:18-58
meta-data#IMMERSIVE_MODE
ADDED from src\main\AndroidManifest.xml:32:5-69
	android:value
		ADDED from src\main\AndroidManifest.xml:32:46-66
	android:name
		ADDED from src\main\AndroidManifest.xml:32:16-45
activity#com.example.kimdongwoo_lab.unityplug.Gallery
ADDED from src\main\AndroidManifest.xml:34:5-35:16
	android:theme
		ADDED from src\main\AndroidManifest.xml:34:75-125
	android:name
		ADDED from src\main\AndroidManifest.xml:34:15-74
activity#com.ssuper.Mem2Pie.MainActivity
ADDED from src\main\AndroidManifest.xml:37:5-39:16
	android:theme
		ADDED from src\main\AndroidManifest.xml:38:9-59
	android:name
		ADDED from src\main\AndroidManifest.xml:37:15-61
activity#com.ssuper.Mem2Pie.ConnectionActivity
ADDED from src\main\AndroidManifest.xml:40:5-46:16
	android:screenOrientation
		ADDED from src\main\AndroidManifest.xml:41:9-45
	android:theme
		ADDED from src\main\AndroidManifest.xml:42:9-59
	android:name
		ADDED from src\main\AndroidManifest.xml:40:15-67
intent-filter#android.intent.action.VIEW
ADDED from src\main\AndroidManifest.xml:43:7-45:23
action#android.intent.action.VIEW
ADDED from src\main\AndroidManifest.xml:44:9-60
	android:name
		ADDED from src\main\AndroidManifest.xml:44:17-58
uses-sdk
ADDED from src\main\AndroidManifest.xml:49:3-72
MERGED from [Mem2Pie1:gvr_android_common:unspecified] AndroidManifest.xml:5:5-7:41
MERGED from [Mem2Pie1:FriendsLink-1.5.10:unspecified] AndroidManifest.xml:7:5-9:41
MERGED from [Mem2Pie1:osclibrary:unspecified] AndroidManifest.xml:7:5-9:41
MERGED from [com.android.support:appcompat-v7:23.1.1] AndroidManifest.xml:20:5-43
MERGED from [com.android.support:support-v4:23.1.1] AndroidManifest.xml:20:5-43
MERGED from [com.android.volley:volley:1.0.0] AndroidManifest.xml:7:5-43
	android:targetSdkVersion
		ADDED from src\main\AndroidManifest.xml:49:40-69
		INJECTED from src\main\AndroidManifest.xml
		INJECTED from src\main\AndroidManifest.xml
	android:minSdkVersion
		ADDED from src\main\AndroidManifest.xml:49:13-39
		INJECTED from src\main\AndroidManifest.xml
		INJECTED from src\main\AndroidManifest.xml
uses-feature#0x00020000
ADDED from src\main\AndroidManifest.xml:50:3-52
	android:glEsVersion
		ADDED from src\main\AndroidManifest.xml:50:17-49
uses-permission#android.permission.NFC
ADDED from src\main\AndroidManifest.xml:51:3-60
	android:name
		ADDED from src\main\AndroidManifest.xml:51:20-57
uses-permission#android.permission.READ_EXTERNAL_STORAGE
ADDED from src\main\AndroidManifest.xml:52:3-78
	android:name
		ADDED from src\main\AndroidManifest.xml:52:20-75
uses-permission#android.permission.INTERNET
ADDED from src\main\AndroidManifest.xml:53:3-89
MERGED from [Mem2Pie1:FriendsLink-1.5.10:unspecified] AndroidManifest.xml:18:5-20:35
	android:required
		ADDED from src\main\AndroidManifest.xml:53:63-86
	android:name
		ADDED from src\main\AndroidManifest.xml:53:20-62
uses-permission#android.permission.WRITE_EXTERNAL_STORAGE
ADDED from src\main\AndroidManifest.xml:54:3-79
	android:name
		ADDED from src\main\AndroidManifest.xml:54:20-76
uses-permission#android.permission.INTERACT_ACROSS_USERS
ADDED from src\main\AndroidManifest.xml:55:3-78
	android:name
		ADDED from src\main\AndroidManifest.xml:55:20-75
uses-permission#android.permission.ACCESS_NETWORK_STATE
ADDED from src\main\AndroidManifest.xml:56:3-77
MERGED from [Mem2Pie1:FriendsLink-1.5.10:unspecified] AndroidManifest.xml:12:5-79
	android:name
		ADDED from src\main\AndroidManifest.xml:56:20-74
uses-permission#android.permission.ACCESS_WIFI_STATE
ADDED from src\main\AndroidManifest.xml:57:3-74
MERGED from [Mem2Pie1:FriendsLink-1.5.10:unspecified] AndroidManifest.xml:11:5-76
	android:name
		ADDED from src\main\AndroidManifest.xml:57:20-71
uses-permission#android.permission.ACCESS_FINE_LOCATION
ADDED from src\main\AndroidManifest.xml:58:3-77
MERGED from [Mem2Pie1:FriendsLink-1.5.10:unspecified] AndroidManifest.xml:13:5-79
	android:name
		ADDED from src\main\AndroidManifest.xml:58:20-74
uses-permission#android.permission.CHANGE_WIFI_STATE
ADDED from src\main\AndroidManifest.xml:59:3-74
MERGED from [Mem2Pie1:FriendsLink-1.5.10:unspecified] AndroidManifest.xml:16:5-76
	android:name
		ADDED from src\main\AndroidManifest.xml:59:20-71
uses-permission#android.permission.CHANGE_NETWORK_STATE
ADDED from src\main\AndroidManifest.xml:60:3-77
MERGED from [Mem2Pie1:FriendsLink-1.5.10:unspecified] AndroidManifest.xml:17:5-79
	android:name
		ADDED from src\main\AndroidManifest.xml:60:20-74
uses-permission#android.permission.BLUETOOTH
ADDED from src\main\AndroidManifest.xml:61:3-66
MERGED from [Mem2Pie1:FriendsLink-1.5.10:unspecified] AndroidManifest.xml:14:5-68
	android:name
		ADDED from src\main\AndroidManifest.xml:61:20-63
uses-permission#android.permission.BLUETOOTH_ADMIN
ADDED from src\main\AndroidManifest.xml:62:3-72
MERGED from [Mem2Pie1:FriendsLink-1.5.10:unspecified] AndroidManifest.xml:15:5-74
	android:name
		ADDED from src\main\AndroidManifest.xml:62:20-69
uses-permission#android.permission.PEERS_MAC_ADDRESS
ADDED from src\main\AndroidManifest.xml:63:3-74
MERGED from [Mem2Pie1:FriendsLink-1.5.10:unspecified] AndroidManifest.xml:21:5-76
	android:name
		ADDED from src\main\AndroidManifest.xml:63:20-71
uses-permission#android.permission.WRITE_SETTINGS
ADDED from src\main\AndroidManifest.xml:64:3-71
MERGED from [Mem2Pie1:FriendsLink-1.5.10:unspecified] AndroidManifest.xml:23:5-73
	android:name
		ADDED from src\main\AndroidManifest.xml:64:20-68
uses-permission#android.permission.SYSTEM_ALERT_WINDOW
ADDED from src\main\AndroidManifest.xml:65:3-75
	android:name
		ADDED from src\main\AndroidManifest.xml:65:20-73
uses-feature#android.software.vr.mode
ADDED from src\main\AndroidManifest.xml:67:3-84
	android:required
		ADDED from src\main\AndroidManifest.xml:67:57-81
	android:name
		ADDED from src\main\AndroidManifest.xml:67:17-56
uses-feature#android.hardware.vr.high_performance
ADDED from src\main\AndroidManifest.xml:68:3-96
	android:required
		ADDED from src\main\AndroidManifest.xml:68:69-93
	android:name
		ADDED from src\main\AndroidManifest.xml:68:17-68
uses-feature#android.hardware.touchscreen
ADDED from src\main\AndroidManifest.xml:69:3-88
	android:required
		ADDED from src\main\AndroidManifest.xml:69:61-85
	android:name
		ADDED from src\main\AndroidManifest.xml:69:17-60
uses-feature#android.hardware.touchscreen.multitouch
ADDED from src\main\AndroidManifest.xml:70:3-99
	android:required
		ADDED from src\main\AndroidManifest.xml:70:72-96
	android:name
		ADDED from src\main\AndroidManifest.xml:70:17-71
uses-feature#android.hardware.touchscreen.multitouch.distinct
ADDED from src\main\AndroidManifest.xml:71:3-108
	android:required
		ADDED from src\main\AndroidManifest.xml:71:81-105
	android:name
		ADDED from src\main\AndroidManifest.xml:71:17-80
uses-feature#android.hardware.bluetooth_le
ADDED from src\main\AndroidManifest.xml:73:3-74:47
	android:required
		ADDED from src\main\AndroidManifest.xml:74:7-30
	android:name
		ADDED from src\main\AndroidManifest.xml:73:17-61
android:uses-permission#android.permission.READ_PHONE_STATE
IMPLIED from src\main\AndroidManifest.xml:17:1-75:12 reason: vr.gvr.platform.unity has a targetSdkVersion < 4
uses-permission#android.permission.UPDATE_DEVICE_STATS
ADDED from [Mem2Pie1:FriendsLink-1.5.10:unspecified] AndroidManifest.xml:22:5-78
	android:name
		ADDED from [Mem2Pie1:FriendsLink-1.5.10:unspecified] AndroidManifest.xml:22:22-75
service#com.lge.octopus.tentacles.wifi.client.WifiClientService
ADDED from [Mem2Pie1:FriendsLink-1.5.10:unspecified] AndroidManifest.xml:26:9-28:38
	android:enabled
		ADDED from [Mem2Pie1:FriendsLink-1.5.10:unspecified] AndroidManifest.xml:28:13-35
	android:name
		ADDED from [Mem2Pie1:FriendsLink-1.5.10:unspecified] AndroidManifest.xml:27:13-83
service#com.lge.octopus.tentacles.ble.central.CentralGattService
ADDED from [Mem2Pie1:FriendsLink-1.5.10:unspecified] AndroidManifest.xml:29:9-31:38
	android:enabled
		ADDED from [Mem2Pie1:FriendsLink-1.5.10:unspecified] AndroidManifest.xml:31:13-35
	android:name
		ADDED from [Mem2Pie1:FriendsLink-1.5.10:unspecified] AndroidManifest.xml:30:13-84